<?xml version="1.0" encoding="UTF-8"?>
<robot generator="Robot 6.0.1 (Python 3.10.8 on win32)" generated="20221112 13:32:45.475" rpa="false" schemaversion="3">
<suite id="s1" name="Cars" source="C:\Development\robot-scripts\facebook-login-attempt\tests\Cars.robot">
<test id="s1-t1" name="Should see correct error messages with invalid logins" line="15">
<kw name="Begin Web Test" library="Common" type="SETUP">
<kw name="Open Browser" library="SeleniumLibrary">
<arg>about:blank</arg>
<arg>${BROWSER}</arg>
<doc>Opens a new browser instance to the optional ``url``.</doc>
<msg timestamp="20221112 13:32:45.741" level="INFO">Opening browser 'edge' to base url 'about:blank'.</msg>
<status status="PASS" starttime="20221112 13:32:45.741" endtime="20221112 13:32:47.054"/>
</kw>
<status status="PASS" starttime="20221112 13:32:45.741" endtime="20221112 13:32:47.055"/>
</kw>
<kw name="Get CSV Data" library="DataManager">
<var>${InvalidLoginScenarios}</var>
<arg>${INVALID_CREDENTIALS_PATH_CSV}</arg>
<kw name="Read Csv File" library="Csv">
<var>${Data}</var>
<arg>${FilePath}</arg>
<msg timestamp="20221112 13:32:47.062" level="INFO">${Data} = [['arpitkhare@arpit.com', '1234568', 'These credentials do not match our records.'], ['arpitkhareabc@arpit.com', 'TestPassword!', 'These credentials do not match our records.']]</msg>
<status status="PASS" starttime="20221112 13:32:47.059" endtime="20221112 13:32:47.062"/>
</kw>
<msg timestamp="20221112 13:32:47.062" level="INFO">${InvalidLoginScenarios} = [['arpitkhare@arpit.com', '1234568', 'These credentials do not match our records.'], ['arpitkhareabc@arpit.com', 'TestPassword!', 'These credentials do not match our records.']]</msg>
<status status="PASS" starttime="20221112 13:32:47.057" endtime="20221112 13:32:47.063"/>
</kw>
<kw name="Login with Many Invalid Credentials" library="CarsApp">
<arg>${InvalidLoginScenarios}</arg>
<for flavor="IN">
<var>${LoginScenario}</var>
<value>@{InvalidLoginScenarios}</value>
<iter>
<var name="${LoginScenario}">['arpitkhare@arpit.com', '1234568', 'These credentials do not match our records.']</var>
<kw name="Run Keyword And Continue On Failure" library="BuiltIn">
<arg>SignIn.Navigate To</arg>
<doc>Runs the keyword and continues execution even if a failure occurs.</doc>
<kw name="Navigate To" library="SignIn">
<kw name="Log" library="BuiltIn">
<arg>${LOGIN_URL}</arg>
<doc>Logs the given message with the given level.</doc>
<msg timestamp="20221112 13:32:47.066" level="INFO">https://acme-test.uipath.com/login</msg>
<status status="PASS" starttime="20221112 13:32:47.066" endtime="20221112 13:32:47.066"/>
</kw>
<kw name="Go To" library="SeleniumLibrary">
<arg>${LOGIN_URL}</arg>
<doc>Navigates the current browser window to the provided ``url``.</doc>
<msg timestamp="20221112 13:32:47.067" level="INFO">Opening url 'https://acme-test.uipath.com/login'</msg>
<status status="PASS" starttime="20221112 13:32:47.067" endtime="20221112 13:32:48.317"/>
</kw>
<status status="PASS" starttime="20221112 13:32:47.066" endtime="20221112 13:32:48.317"/>
</kw>
<status status="PASS" starttime="20221112 13:32:47.065" endtime="20221112 13:32:48.317"/>
</kw>
<kw name="Run Keyword And Continue On Failure" library="BuiltIn">
<arg>Attempt Login</arg>
<arg>${LoginScenario}</arg>
<doc>Runs the keyword and continues execution even if a failure occurs.</doc>
<kw name="Attempt Login" library="CarsApp">
<arg>${LoginScenario}</arg>
<kw name="Enter Credentials" library="SignIn">
<arg>${Credentials}</arg>
<kw name="Log" library="BuiltIn">
<arg>${SIGN_IN_EMAIL}</arg>
<doc>Logs the given message with the given level.</doc>
<msg timestamp="20221112 13:32:48.318" level="INFO">xpath=//*[@id="email"]</msg>
<status status="PASS" starttime="20221112 13:32:48.318" endtime="20221112 13:32:48.318"/>
</kw>
<kw name="Log" library="BuiltIn">
<arg>${SIGN_IN_PASSWORD}</arg>
<doc>Logs the given message with the given level.</doc>
<msg timestamp="20221112 13:32:48.319" level="INFO">xpath=//*[@id="password"]</msg>
<status status="PASS" starttime="20221112 13:32:48.318" endtime="20221112 13:32:48.319"/>
</kw>
<kw name="Input Text" library="SeleniumLibrary">
<arg>${SIGN_IN_EMAIL}</arg>
<arg>${Credentials[0]}</arg>
<doc>Types the given ``text`` into the text field identified by ``locator``.</doc>
<msg timestamp="20221112 13:32:48.320" level="INFO">Typing text 'arpitkhare@arpit.com' into text field 'xpath=//*[@id="email"]'.</msg>
<status status="PASS" starttime="20221112 13:32:48.319" endtime="20221112 13:32:48.425"/>
</kw>
<kw name="Input Text" library="SeleniumLibrary">
<arg>${SIGN_IN_PASSWORD}</arg>
<arg>${Credentials[1]}</arg>
<doc>Types the given ``text`` into the text field identified by ``locator``.</doc>
<msg timestamp="20221112 13:32:48.426" level="INFO">Typing text '1234568' into text field 'xpath=//*[@id="password"]'.</msg>
<status status="PASS" starttime="20221112 13:32:48.425" endtime="20221112 13:32:48.516"/>
</kw>
<status status="PASS" starttime="20221112 13:32:48.318" endtime="20221112 13:32:48.516"/>
</kw>
<kw name="Click Submit" library="SignIn">
<kw name="Click Element" library="SeleniumLibrary">
<arg>${REMEMBER_ME_BUTTON}</arg>
<doc>Click the element identified by ``locator``.</doc>
<msg timestamp="20221112 13:32:48.517" level="INFO">Clicking element 'xpath=//*[@id="remember"]'.</msg>
<status status="PASS" starttime="20221112 13:32:48.517" endtime="20221112 13:32:48.577"/>
</kw>
<kw name="Click Button" library="SeleniumLibrary">
<arg>${LOGIN_SUBMIT_BUTTON}</arg>
<doc>Clicks the button identified by ``locator``.</doc>
<msg timestamp="20221112 13:32:48.578" level="INFO">Clicking button 'Login'.</msg>
<status status="PASS" starttime="20221112 13:32:48.577" endtime="20221112 13:32:51.650"/>
</kw>
<status status="PASS" starttime="20221112 13:32:48.516" endtime="20221112 13:32:51.650"/>
</kw>
<kw name="Sleep" library="BuiltIn">
<arg>1s</arg>
<doc>Pauses the test executed for the given time.</doc>
<msg timestamp="20221112 13:32:52.656" level="INFO">Slept 1 second</msg>
<status status="PASS" starttime="20221112 13:32:51.650" endtime="20221112 13:32:52.656"/>
</kw>
<status status="PASS" starttime="20221112 13:32:48.317" endtime="20221112 13:32:52.656"/>
</kw>
<status status="PASS" starttime="20221112 13:32:48.317" endtime="20221112 13:32:52.656"/>
</kw>
<kw name="Run Keyword And Continue On Failure" library="BuiltIn">
<arg>Verify Login Page Error Message</arg>
<arg>${LoginScenario}</arg>
<doc>Runs the keyword and continues execution even if a failure occurs.</doc>
<kw name="Verify Login Page Error Message" library="CarsApp">
<arg>${LoginScenario}</arg>
<kw name="Verify Error Message" library="SignIn">
<arg>${ExpectedErrorMessage}</arg>
<kw name="Page Should Contain" library="SeleniumLibrary">
<arg>${ExpectedErrorMessage[2]}</arg>
<doc>Verifies that current page contains ``text``.</doc>
<msg timestamp="20221112 13:32:52.672" level="INFO">Current page contains text 'These credentials do not match our records.'.</msg>
<status status="PASS" starttime="20221112 13:32:52.656" endtime="20221112 13:32:52.672"/>
</kw>
<status status="PASS" starttime="20221112 13:32:52.656" endtime="20221112 13:32:52.672"/>
</kw>
<status status="PASS" starttime="20221112 13:32:52.656" endtime="20221112 13:32:52.672"/>
</kw>
<status status="PASS" starttime="20221112 13:32:52.656" endtime="20221112 13:32:52.672"/>
</kw>
<status status="PASS" starttime="20221112 13:32:47.065" endtime="20221112 13:32:52.672"/>
</iter>
<iter>
<var name="${LoginScenario}">['arpitkhareabc@arpit.com', 'TestPassword!', 'These credentials do not match our records.']</var>
<kw name="Run Keyword And Continue On Failure" library="BuiltIn">
<arg>SignIn.Navigate To</arg>
<doc>Runs the keyword and continues execution even if a failure occurs.</doc>
<kw name="Navigate To" library="SignIn">
<kw name="Log" library="BuiltIn">
<arg>${LOGIN_URL}</arg>
<doc>Logs the given message with the given level.</doc>
<msg timestamp="20221112 13:32:52.672" level="INFO">https://acme-test.uipath.com/login</msg>
<status status="PASS" starttime="20221112 13:32:52.672" endtime="20221112 13:32:52.672"/>
</kw>
<kw name="Go To" library="SeleniumLibrary">
<arg>${LOGIN_URL}</arg>
<doc>Navigates the current browser window to the provided ``url``.</doc>
<msg timestamp="20221112 13:32:52.672" level="INFO">Opening url 'https://acme-test.uipath.com/login'</msg>
<status status="PASS" starttime="20221112 13:32:52.672" endtime="20221112 13:32:53.175"/>
</kw>
<status status="PASS" starttime="20221112 13:32:52.672" endtime="20221112 13:32:53.175"/>
</kw>
<status status="PASS" starttime="20221112 13:32:52.672" endtime="20221112 13:32:53.175"/>
</kw>
<kw name="Run Keyword And Continue On Failure" library="BuiltIn">
<arg>Attempt Login</arg>
<arg>${LoginScenario}</arg>
<doc>Runs the keyword and continues execution even if a failure occurs.</doc>
<kw name="Attempt Login" library="CarsApp">
<arg>${LoginScenario}</arg>
<kw name="Enter Credentials" library="SignIn">
<arg>${Credentials}</arg>
<kw name="Log" library="BuiltIn">
<arg>${SIGN_IN_EMAIL}</arg>
<doc>Logs the given message with the given level.</doc>
<msg timestamp="20221112 13:32:53.177" level="INFO">xpath=//*[@id="email"]</msg>
<status status="PASS" starttime="20221112 13:32:53.177" endtime="20221112 13:32:53.177"/>
</kw>
<kw name="Log" library="BuiltIn">
<arg>${SIGN_IN_PASSWORD}</arg>
<doc>Logs the given message with the given level.</doc>
<msg timestamp="20221112 13:32:53.178" level="INFO">xpath=//*[@id="password"]</msg>
<status status="PASS" starttime="20221112 13:32:53.178" endtime="20221112 13:32:53.178"/>
</kw>
<kw name="Input Text" library="SeleniumLibrary">
<arg>${SIGN_IN_EMAIL}</arg>
<arg>${Credentials[0]}</arg>
<doc>Types the given ``text`` into the text field identified by ``locator``.</doc>
<msg timestamp="20221112 13:32:53.180" level="INFO">Typing text 'arpitkhareabc@arpit.com' into text field 'xpath=//*[@id="email"]'.</msg>
<status status="PASS" starttime="20221112 13:32:53.179" endtime="20221112 13:32:53.284"/>
</kw>
<kw name="Input Text" library="SeleniumLibrary">
<arg>${SIGN_IN_PASSWORD}</arg>
<arg>${Credentials[1]}</arg>
<doc>Types the given ``text`` into the text field identified by ``locator``.</doc>
<msg timestamp="20221112 13:32:53.285" level="INFO">Typing text 'TestPassword!' into text field 'xpath=//*[@id="password"]'.</msg>
<status status="PASS" starttime="20221112 13:32:53.284" endtime="20221112 13:32:53.379"/>
</kw>
<status status="PASS" starttime="20221112 13:32:53.176" endtime="20221112 13:32:53.380"/>
</kw>
<kw name="Click Submit" library="SignIn">
<kw name="Click Element" library="SeleniumLibrary">
<arg>${REMEMBER_ME_BUTTON}</arg>
<doc>Click the element identified by ``locator``.</doc>
<msg timestamp="20221112 13:32:53.381" level="INFO">Clicking element 'xpath=//*[@id="remember"]'.</msg>
<status status="PASS" starttime="20221112 13:32:53.380" endtime="20221112 13:32:53.431"/>
</kw>
<kw name="Click Button" library="SeleniumLibrary">
<arg>${LOGIN_SUBMIT_BUTTON}</arg>
<doc>Clicks the button identified by ``locator``.</doc>
<msg timestamp="20221112 13:32:53.432" level="INFO">Clicking button 'Login'.</msg>
<status status="PASS" starttime="20221112 13:32:53.431" endtime="20221112 13:32:55.849"/>
</kw>
<status status="PASS" starttime="20221112 13:32:53.380" endtime="20221112 13:32:55.850"/>
</kw>
<kw name="Sleep" library="BuiltIn">
<arg>1s</arg>
<doc>Pauses the test executed for the given time.</doc>
<msg timestamp="20221112 13:32:56.853" level="INFO">Slept 1 second</msg>
<status status="PASS" starttime="20221112 13:32:55.850" endtime="20221112 13:32:56.853"/>
</kw>
<status status="PASS" starttime="20221112 13:32:53.176" endtime="20221112 13:32:56.853"/>
</kw>
<status status="PASS" starttime="20221112 13:32:53.175" endtime="20221112 13:32:56.853"/>
</kw>
<kw name="Run Keyword And Continue On Failure" library="BuiltIn">
<arg>Verify Login Page Error Message</arg>
<arg>${LoginScenario}</arg>
<doc>Runs the keyword and continues execution even if a failure occurs.</doc>
<kw name="Verify Login Page Error Message" library="CarsApp">
<arg>${LoginScenario}</arg>
<kw name="Verify Error Message" library="SignIn">
<arg>${ExpectedErrorMessage}</arg>
<kw name="Page Should Contain" library="SeleniumLibrary">
<arg>${ExpectedErrorMessage[2]}</arg>
<doc>Verifies that current page contains ``text``.</doc>
<msg timestamp="20221112 13:32:56.891" level="INFO">Current page contains text 'These credentials do not match our records.'.</msg>
<status status="PASS" starttime="20221112 13:32:56.853" endtime="20221112 13:32:56.891"/>
</kw>
<status status="PASS" starttime="20221112 13:32:56.853" endtime="20221112 13:32:56.891"/>
</kw>
<status status="PASS" starttime="20221112 13:32:56.853" endtime="20221112 13:32:56.891"/>
</kw>
<status status="PASS" starttime="20221112 13:32:56.853" endtime="20221112 13:32:56.891"/>
</kw>
<status status="PASS" starttime="20221112 13:32:52.672" endtime="20221112 13:32:56.891"/>
</iter>
<status status="PASS" starttime="20221112 13:32:47.065" endtime="20221112 13:32:56.891"/>
</for>
<status status="PASS" starttime="20221112 13:32:47.063" endtime="20221112 13:32:56.892"/>
</kw>
<kw name="End Web Test" library="Common" type="TEARDOWN">
<kw name="Close All Browsers" library="SeleniumLibrary">
<doc>Closes all open browsers and resets the browser cache.</doc>
<status status="PASS" starttime="20221112 13:32:56.892" endtime="20221112 13:32:59.028"/>
</kw>
<status status="PASS" starttime="20221112 13:32:56.892" endtime="20221112 13:32:59.028"/>
</kw>
<status status="PASS" starttime="20221112 13:32:45.741" endtime="20221112 13:32:59.028"/>
</test>
<doc>Demonstrate a need for data-driven testing</doc>
<status status="PASS" starttime="20221112 13:32:45.491" endtime="20221112 13:32:59.028"/>
</suite>
<statistics>
<total>
<stat pass="1" fail="0" skip="0">All Tests</stat>
</total>
<tag>
</tag>
<suite>
<stat pass="1" fail="0" skip="0" id="s1" name="Cars">Cars</stat>
</suite>
</statistics>
<errors>
</errors>
</robot>
